#! /usr/bin/vvp
:ivl_version "10.3 (stable)";
:ivl_delay_selection "TYPICAL";
:vpi_time_precision + 0;
:vpi_module "system";
:vpi_module "vhdl_sys";
:vpi_module "v2005_math";
:vpi_module "va_math";
S_0x560a6ea89660 .scope module, "lab2_tb" "lab2_tb" 2 3;
 .timescale 0 0;
v0x560a6ea99d90_0 .var "clock", 0 0;
v0x560a6ea99e60_0 .net "fourBits", 3 0, v0x560a6ea99ab0_0;  1 drivers
v0x560a6ea99f30_0 .var "reset", 0 0;
S_0x560a6ea897e0 .scope module, "test_b" "BitCounter" 2 9, 3 1 0, S_0x560a6ea89660;
 .timescale 0 0;
    .port_info 0 /OUTPUT 4 "fourBits"
    .port_info 1 /INPUT 1 "clock"
    .port_info 2 /INPUT 1 "reset"
v0x560a6ea530e0_0 .net "clock", 0 0, v0x560a6ea99d90_0;  1 drivers
v0x560a6ea99ab0_0 .var "fourBits", 3 0;
v0x560a6ea99b90_0 .var/i "increment", 31 0;
v0x560a6ea99c50_0 .net "reset", 0 0, v0x560a6ea99f30_0;  1 drivers
E_0x560a6ea53ae0 .event posedge, v0x560a6ea530e0_0;
    .scope S_0x560a6ea897e0;
T_0 ;
    %pushi/vec4 1, 0, 32;
    %store/vec4 v0x560a6ea99b90_0, 0, 32;
    %end;
    .thread T_0;
    .scope S_0x560a6ea897e0;
T_1 ;
    %wait E_0x560a6ea53ae0;
    %load/vec4 v0x560a6ea99c50_0;
    %nor/r;
    %cmpi/e 1, 0, 1;
    %jmp/0xz  T_1.0, 4;
    %load/vec4 v0x560a6ea99ab0_0;
    %pad/u 32;
    %load/vec4 v0x560a6ea99b90_0;
    %add;
    %pad/u 4;
    %assign/vec4 v0x560a6ea99ab0_0, 0;
    %jmp T_1.1;
T_1.0 ;
    %pushi/vec4 0, 0, 4;
    %assign/vec4 v0x560a6ea99ab0_0, 0;
T_1.1 ;
    %jmp T_1;
    .thread T_1;
    .scope S_0x560a6ea89660;
T_2 ;
    %vpi_call 2 15 "$dumpfile", "lab2.vcd" {0 0 0};
    %vpi_call 2 16 "$dumpvars", 32'sb00000000000000000000000000000000, S_0x560a6ea89660 {0 0 0};
    %pushi/vec4 1, 0, 1;
    %store/vec4 v0x560a6ea99d90_0, 0, 1;
    %pushi/vec4 1, 0, 1;
    %store/vec4 v0x560a6ea99f30_0, 0, 1;
    %delay 100, 0;
    %pushi/vec4 1, 0, 1;
    %store/vec4 v0x560a6ea99d90_0, 0, 1;
    %pushi/vec4 0, 0, 1;
    %store/vec4 v0x560a6ea99f30_0, 0, 1;
    %delay 100, 0;
    %delay 45, 0;
    %vpi_call 2 21 "$finish" {0 0 0};
    %end;
    .thread T_2;
    .scope S_0x560a6ea89660;
T_3 ;
    %delay 10, 0;
    %load/vec4 v0x560a6ea99d90_0;
    %inv;
    %store/vec4 v0x560a6ea99d90_0, 0, 1;
    %jmp T_3;
    .thread T_3;
# The file index is used to find the file name in the following table.
:file_names 4;
    "N/A";
    "<interactive>";
    "lab2_tb.v";
    "./lab2.v";
