#! /usr/bin/vvp
:ivl_version "10.3 (stable)";
:ivl_delay_selection "TYPICAL";
:vpi_time_precision - 10;
:vpi_module "system";
:vpi_module "vhdl_sys";
:vpi_module "v2005_math";
:vpi_module "va_math";
S_0x556d92246390 .scope module, "example_3_1_tb" "example_3_1_tb" 2 5;
 .timescale -9 -10;
v0x556d922580d0_0 .net "A", 0 0, L_0x556d92258600;  1 drivers
v0x556d92258190_0 .net "B", 0 0, L_0x556d922586f0;  1 drivers
v0x556d92258230_0 .net "C", 0 0, L_0x556d92258830;  1 drivers
v0x556d92258300_0 .net "D", 0 0, L_0x556d92258ad0;  1 drivers
v0x556d922583d0_0 .net "E", 0 0, L_0x556d92258a60;  1 drivers
v0x556d922584c0_0 .net *"_s5", 2 0, L_0x556d92258920;  1 drivers
v0x556d92258560_0 .var/i "k", 31 0;
L_0x556d92258600 .part L_0x556d92258920, 2, 1;
L_0x556d922586f0 .part L_0x556d92258920, 1, 1;
L_0x556d92258830 .part L_0x556d92258920, 0, 1;
L_0x556d92258920 .part v0x556d92258560_0, 0, 3;
S_0x556d92246510 .scope module, "the_circuit" "example_3_1" 2 11, 3 2 0, S_0x556d92246390;
 .timescale -9 -10;
    .port_info 0 /INPUT 1 "A"
    .port_info 1 /INPUT 1 "B"
    .port_info 2 /INPUT 1 "C"
    .port_info 3 /OUTPUT 1 "D"
    .port_info 4 /OUTPUT 1 "E"
L_0x556d922589f0 .functor AND 1, L_0x556d92258600, L_0x556d922586f0, C4<1>, C4<1>;
L_0x556d92258a60 .functor NOT 1, L_0x556d92258830, C4<0>, C4<0>, C4<0>;
L_0x556d92258ad0 .functor OR 1, L_0x556d922589f0, L_0x556d92258a60, C4<0>, C4<0>;
v0x556d92210110_0 .net "A", 0 0, L_0x556d92258600;  alias, 1 drivers
v0x556d92257c40_0 .net "B", 0 0, L_0x556d922586f0;  alias, 1 drivers
v0x556d92257d00_0 .net "C", 0 0, L_0x556d92258830;  alias, 1 drivers
v0x556d92257da0_0 .net "D", 0 0, L_0x556d92258ad0;  alias, 1 drivers
v0x556d92257e60_0 .net "E", 0 0, L_0x556d92258a60;  alias, 1 drivers
v0x556d92257f70_0 .net "w1", 0 0, L_0x556d922589f0;  1 drivers
    .scope S_0x556d92246390;
T_0 ;
    %pushi/vec4 0, 0, 32;
    %store/vec4 v0x556d92258560_0, 0, 32;
    %end;
    .thread T_0;
    .scope S_0x556d92246390;
T_1 ;
    %vpi_call 2 15 "$dumpfile", "example_3_1.vcd" {0 0 0};
    %vpi_call 2 16 "$dumpvars", 32'sb00000000000000000000000000000000, S_0x556d92246390 {0 0 0};
    %pushi/vec4 0, 0, 32;
    %store/vec4 v0x556d92258560_0, 0, 32;
T_1.0 ;
    %load/vec4 v0x556d92258560_0;
    %cmpi/s 8, 0, 32;
    %jmp/0xz T_1.1, 5;
    %delay 100, 0;
    %vpi_call 2 19 "$display", "done testing case %d", v0x556d92258560_0 {0 0 0};
    %load/vec4 v0x556d92258560_0;
    %addi 1, 0, 32;
    %store/vec4 v0x556d92258560_0, 0, 32;
    %jmp T_1.0;
T_1.1 ;
    %vpi_call 2 21 "$finish" {0 0 0};
    %end;
    .thread T_1;
# The file index is used to find the file name in the following table.
:file_names 4;
    "N/A";
    "<interactive>";
    "example_3_1_tb.v";
    "./example_3_1.v";
