#! /usr/bin/vvp
:ivl_version "10.3 (stable)";
:ivl_delay_selection "TYPICAL";
:vpi_time_precision - 12;
:vpi_module "system";
:vpi_module "vhdl_sys";
:vpi_module "v2005_math";
:vpi_module "va_math";
S_0x5568f34fa090 .scope module, "lab5_tb" "lab5_tb" 2 8;
 .timescale -9 -12;
v0x5568f3544460_0 .var "A", 0 0;
v0x5568f3544520_0 .var "B", 0 0;
v0x5568f35445f0_0 .net "C", 0 0, L_0x5568f3544ad0;  1 drivers
v0x5568f35446f0_0 .net "D", 0 0, L_0x5568f3544d30;  1 drivers
v0x5568f35447c0_0 .net "E", 0 0, L_0x5568f3544c30;  1 drivers
S_0x5568f34fa210 .scope module, "test_branch" "labFiveCode" 2 12, 3 1 0, S_0x5568f34fa090;
 .timescale -9 -12;
    .port_info 0 /OUTPUT 1 "C"
    .port_info 1 /OUTPUT 1 "D"
    .port_info 2 /OUTPUT 1 "E"
    .port_info 3 /INPUT 1 "A"
    .port_info 4 /INPUT 1 "B"
L_0x5568f3544860 .functor NOT 1, v0x5568f3544460_0, C4<0>, C4<0>, C4<0>;
L_0x5568f3544950 .functor NOT 1, v0x5568f3544520_0, C4<0>, C4<0>, C4<0>;
L_0x5568f3544a10 .functor AND 1, L_0x5568f3544860, v0x5568f3544520_0, C4<1>, C4<1>;
L_0x5568f3544ad0 .functor AND 1, L_0x5568f3544860, v0x5568f3544520_0, C4<1>, C4<1>;
L_0x5568f3544bc0 .functor AND 1, L_0x5568f3544950, v0x5568f3544460_0, C4<1>, C4<1>;
L_0x5568f3544c30 .functor AND 1, L_0x5568f3544950, v0x5568f3544520_0, C4<1>, C4<1>;
L_0x5568f3544d30 .functor NOR 1, L_0x5568f3544a10, L_0x5568f3544bc0, C4<0>, C4<0>;
v0x5568f34f98a0_0 .net "A", 0 0, v0x5568f3544460_0;  1 drivers
v0x5568f3543d90_0 .net "A_not", 0 0, L_0x5568f3544860;  1 drivers
v0x5568f3543e50_0 .net "B", 0 0, v0x5568f3544520_0;  1 drivers
v0x5568f3543ef0_0 .net "B_not", 0 0, L_0x5568f3544950;  1 drivers
v0x5568f3543fb0_0 .net "C", 0 0, L_0x5568f3544ad0;  alias, 1 drivers
v0x5568f35440c0_0 .net "D", 0 0, L_0x5568f3544d30;  alias, 1 drivers
v0x5568f3544180_0 .net "E", 0 0, L_0x5568f3544c30;  alias, 1 drivers
v0x5568f3544240_0 .net "one", 0 0, L_0x5568f3544a10;  1 drivers
v0x5568f3544300_0 .net "two", 0 0, L_0x5568f3544bc0;  1 drivers
    .scope S_0x5568f34fa090;
T_0 ;
    %vpi_call 2 25 "$dumpfile", "lab5.vcd" {0 0 0};
    %vpi_call 2 26 "$dumpvars", 32'sb00000000000000000000000000000000, S_0x5568f34fa090 {0 0 0};
    %delay 10000, 0;
    %pushi/vec4 0, 0, 1;
    %cassign/vec4 v0x5568f3544460_0;
    %delay 10000, 0;
    %pushi/vec4 0, 0, 1;
    %cassign/vec4 v0x5568f3544520_0;
    %vpi_call 2 30 "$display", "done tesing case 0" {0 0 0};
    %delay 10000, 0;
    %pushi/vec4 1, 0, 1;
    %cassign/vec4 v0x5568f3544460_0;
    %delay 10000, 0;
    %pushi/vec4 0, 0, 1;
    %cassign/vec4 v0x5568f3544520_0;
    %vpi_call 2 34 "$display", "done tesing case 1" {0 0 0};
    %delay 10000, 0;
    %pushi/vec4 0, 0, 1;
    %cassign/vec4 v0x5568f3544460_0;
    %delay 10000, 0;
    %pushi/vec4 1, 0, 1;
    %cassign/vec4 v0x5568f3544520_0;
    %vpi_call 2 38 "$display", "done tesing case 2" {0 0 0};
    %delay 10000, 0;
    %pushi/vec4 1, 0, 1;
    %cassign/vec4 v0x5568f3544460_0;
    %delay 10000, 0;
    %pushi/vec4 1, 0, 1;
    %cassign/vec4 v0x5568f3544520_0;
    %vpi_call 2 42 "$display", "done tesing case 3" {0 0 0};
    %vpi_call 2 44 "$finish" {0 0 0};
    %end;
    .thread T_0;
# The file index is used to find the file name in the following table.
:file_names 4;
    "N/A";
    "<interactive>";
    "lab5_tb.v";
    "./lab5.v";
