#! /usr/bin/vvp
:ivl_version "10.3 (stable)";
:ivl_delay_selection "TYPICAL";
:vpi_time_precision - 12;
:vpi_module "system";
:vpi_module "vhdl_sys";
:vpi_module "v2005_math";
:vpi_module "va_math";
S_0x55ffab033130 .scope module, "lab4_tb" "lab4_tb" 2 4;
 .timescale -9 -12;
v0x55ffab088210_0 .net "Alarm", 0 0, v0x55ffab069e60_0;  1 drivers
v0x55ffab0882d0_0 .var "Door", 0 0;
v0x55ffab0883a0_0 .var "Enable", 0 0;
v0x55ffab0884a0_0 .var "Exiting", 0 0;
v0x55ffab088570_0 .var "Garage", 0 0;
v0x55ffab088660_0 .var "Panic", 0 0;
v0x55ffab088730_0 .var "Window", 0 0;
S_0x55ffab0332b0 .scope module, "test_branch" "lab4code" 2 8, 3 5 0, S_0x55ffab033130;
 .timescale -9 -12;
    .port_info 0 /OUTPUT 1 "Alarm"
    .port_info 1 /INPUT 1 "Panic"
    .port_info 2 /INPUT 1 "Enable"
    .port_info 3 /INPUT 1 "Exiting"
    .port_info 4 /INPUT 1 "Window"
    .port_info 5 /INPUT 1 "Door"
    .port_info 6 /INPUT 1 "Garage"
v0x55ffab069e60_0 .var "Alarm", 0 0;
v0x55ffab087c80_0 .net "Door", 0 0, v0x55ffab0882d0_0;  1 drivers
v0x55ffab087d40_0 .net "Enable", 0 0, v0x55ffab0883a0_0;  1 drivers
v0x55ffab087de0_0 .net "Exiting", 0 0, v0x55ffab0884a0_0;  1 drivers
v0x55ffab087ea0_0 .net "Garage", 0 0, v0x55ffab088570_0;  1 drivers
v0x55ffab087fb0_0 .net "Panic", 0 0, v0x55ffab088660_0;  1 drivers
v0x55ffab088070_0 .net "Window", 0 0, v0x55ffab088730_0;  1 drivers
E_0x55ffab06a500/0 .event edge, v0x55ffab087ea0_0, v0x55ffab087c80_0, v0x55ffab088070_0, v0x55ffab087de0_0;
E_0x55ffab06a500/1 .event edge, v0x55ffab087d40_0, v0x55ffab087fb0_0;
E_0x55ffab06a500 .event/or E_0x55ffab06a500/0, E_0x55ffab06a500/1;
    .scope S_0x55ffab0332b0;
T_0 ;
    %wait E_0x55ffab06a500;
    %load/vec4 v0x55ffab088070_0;
    %load/vec4 v0x55ffab087c80_0;
    %and;
    %load/vec4 v0x55ffab087ea0_0;
    %and;
    %nor/r;
    %load/vec4 v0x55ffab087de0_0;
    %nor/r;
    %and;
    %load/vec4 v0x55ffab087d40_0;
    %and;
    %load/vec4 v0x55ffab087fb0_0;
    %or;
    %assign/vec4 v0x55ffab069e60_0, 0;
    %jmp T_0;
    .thread T_0, $push;
    .scope S_0x55ffab033130;
T_1 ;
    %vpi_call 2 23 "$dumpfile", "lab4.vcd" {0 0 0};
    %vpi_call 2 24 "$dumpvars", 32'sb00000000000000000000000000000000, S_0x55ffab033130 {0 0 0};
    %delay 10000, 0;
    %pushi/vec4 0, 0, 1;
    %cassign/vec4 v0x55ffab088660_0;
    %delay 10000, 0;
    %pushi/vec4 0, 0, 1;
    %cassign/vec4 v0x55ffab0883a0_0;
    %delay 10000, 0;
    %pushi/vec4 0, 0, 1;
    %cassign/vec4 v0x55ffab0884a0_0;
    %delay 10000, 0;
    %pushi/vec4 0, 0, 1;
    %cassign/vec4 v0x55ffab088730_0;
    %delay 10000, 0;
    %pushi/vec4 0, 0, 1;
    %cassign/vec4 v0x55ffab0882d0_0;
    %delay 10000, 0;
    %pushi/vec4 0, 0, 1;
    %cassign/vec4 v0x55ffab088570_0;
    %vpi_call 2 31 "$display", "done tesing case 0" {0 0 0};
    %delay 10000, 0;
    %pushi/vec4 1, 0, 1;
    %cassign/vec4 v0x55ffab088660_0;
    %delay 10000, 0;
    %pushi/vec4 1, 0, 1;
    %cassign/vec4 v0x55ffab0883a0_0;
    %delay 10000, 0;
    %pushi/vec4 1, 0, 1;
    %cassign/vec4 v0x55ffab0884a0_0;
    %delay 10000, 0;
    %pushi/vec4 1, 0, 1;
    %cassign/vec4 v0x55ffab088730_0;
    %delay 10000, 0;
    %pushi/vec4 0, 0, 1;
    %cassign/vec4 v0x55ffab0882d0_0;
    %delay 10000, 0;
    %pushi/vec4 0, 0, 1;
    %cassign/vec4 v0x55ffab088570_0;
    %vpi_call 2 39 "$display", "done tesing case 1" {0 0 0};
    %delay 10000, 0;
    %pushi/vec4 0, 0, 1;
    %cassign/vec4 v0x55ffab088660_0;
    %delay 10000, 0;
    %pushi/vec4 0, 0, 1;
    %cassign/vec4 v0x55ffab0883a0_0;
    %delay 10000, 0;
    %pushi/vec4 0, 0, 1;
    %cassign/vec4 v0x55ffab0884a0_0;
    %delay 10000, 0;
    %pushi/vec4 1, 0, 1;
    %cassign/vec4 v0x55ffab088730_0;
    %delay 10000, 0;
    %pushi/vec4 1, 0, 1;
    %cassign/vec4 v0x55ffab0882d0_0;
    %delay 10000, 0;
    %pushi/vec4 1, 0, 1;
    %cassign/vec4 v0x55ffab088570_0;
    %vpi_call 2 47 "$display", "done tesing case 2" {0 0 0};
    %delay 10000, 0;
    %pushi/vec4 0, 0, 1;
    %cassign/vec4 v0x55ffab088660_0;
    %delay 10000, 0;
    %pushi/vec4 1, 0, 1;
    %cassign/vec4 v0x55ffab0883a0_0;
    %delay 10000, 0;
    %pushi/vec4 1, 0, 1;
    %cassign/vec4 v0x55ffab0884a0_0;
    %delay 10000, 0;
    %pushi/vec4 1, 0, 1;
    %cassign/vec4 v0x55ffab088730_0;
    %delay 10000, 0;
    %pushi/vec4 1, 0, 1;
    %cassign/vec4 v0x55ffab0882d0_0;
    %delay 10000, 0;
    %pushi/vec4 1, 0, 1;
    %cassign/vec4 v0x55ffab088570_0;
    %vpi_call 2 55 "$display", "done tesing case 3" {0 0 0};
    %delay 10000, 0;
    %pushi/vec4 0, 0, 1;
    %cassign/vec4 v0x55ffab088660_0;
    %delay 10000, 0;
    %pushi/vec4 1, 0, 1;
    %cassign/vec4 v0x55ffab0883a0_0;
    %delay 10000, 0;
    %pushi/vec4 1, 0, 1;
    %cassign/vec4 v0x55ffab0884a0_0;
    %delay 10000, 0;
    %pushi/vec4 0, 0, 1;
    %cassign/vec4 v0x55ffab088730_0;
    %delay 10000, 0;
    %pushi/vec4 0, 0, 1;
    %cassign/vec4 v0x55ffab0882d0_0;
    %delay 10000, 0;
    %pushi/vec4 0, 0, 1;
    %cassign/vec4 v0x55ffab088570_0;
    %vpi_call 2 62 "$display", "done tesing case 4" {0 0 0};
    %delay 10000, 0;
    %pushi/vec4 0, 0, 1;
    %cassign/vec4 v0x55ffab088660_0;
    %delay 10000, 0;
    %pushi/vec4 0, 0, 1;
    %cassign/vec4 v0x55ffab0883a0_0;
    %delay 10000, 0;
    %pushi/vec4 1, 0, 1;
    %cassign/vec4 v0x55ffab0884a0_0;
    %delay 10000, 0;
    %pushi/vec4 0, 0, 1;
    %cassign/vec4 v0x55ffab088730_0;
    %delay 10000, 0;
    %pushi/vec4 1, 0, 1;
    %cassign/vec4 v0x55ffab0882d0_0;
    %delay 10000, 0;
    %pushi/vec4 0, 0, 1;
    %cassign/vec4 v0x55ffab088570_0;
    %vpi_call 2 69 "$display", "done tesing case 5" {0 0 0};
    %delay 10000, 0;
    %pushi/vec4 0, 0, 1;
    %cassign/vec4 v0x55ffab088660_0;
    %delay 10000, 0;
    %pushi/vec4 1, 0, 1;
    %cassign/vec4 v0x55ffab0883a0_0;
    %delay 10000, 0;
    %pushi/vec4 0, 0, 1;
    %cassign/vec4 v0x55ffab0884a0_0;
    %delay 10000, 0;
    %pushi/vec4 0, 0, 1;
    %cassign/vec4 v0x55ffab088730_0;
    %delay 10000, 0;
    %pushi/vec4 1, 0, 1;
    %cassign/vec4 v0x55ffab0882d0_0;
    %delay 10000, 0;
    %pushi/vec4 0, 0, 1;
    %cassign/vec4 v0x55ffab088570_0;
    %vpi_call 2 76 "$display", "done tesing case 6" {0 0 0};
    %delay 10000, 0;
    %pushi/vec4 1, 0, 1;
    %cassign/vec4 v0x55ffab088660_0;
    %delay 10000, 0;
    %pushi/vec4 0, 0, 1;
    %cassign/vec4 v0x55ffab0883a0_0;
    %delay 10000, 0;
    %pushi/vec4 0, 0, 1;
    %cassign/vec4 v0x55ffab0884a0_0;
    %delay 10000, 0;
    %pushi/vec4 0, 0, 1;
    %cassign/vec4 v0x55ffab088730_0;
    %delay 10000, 0;
    %pushi/vec4 0, 0, 1;
    %cassign/vec4 v0x55ffab0882d0_0;
    %delay 10000, 0;
    %pushi/vec4 0, 0, 1;
    %cassign/vec4 v0x55ffab088570_0;
    %vpi_call 2 83 "$display", "done tesing case 7" {0 0 0};
    %vpi_call 2 86 "$finish" {0 0 0};
    %end;
    .thread T_1;
# The file index is used to find the file name in the following table.
:file_names 4;
    "N/A";
    "<interactive>";
    "lab4_tb.v";
    "./lab4.v";
