#! /usr/bin/vvp
:ivl_version "10.3 (stable)";
:ivl_delay_selection "TYPICAL";
:vpi_time_precision - 12;
:vpi_module "system";
:vpi_module "vhdl_sys";
:vpi_module "v2005_math";
:vpi_module "va_math";
S_0x563450c97240 .scope module, "lab3_tb" "lab3_tb" 2 8;
 .timescale -9 -12;
v0x563450cd1230_0 .net "F", 0 0, L_0x563450cd1ae0;  1 drivers
v0x563450cd12f0_0 .var "X", 0 0;
v0x563450cd13c0_0 .var "Y", 0 0;
v0x563450cd14c0_0 .var "Z", 0 0;
S_0x563450c82090 .scope module, "test_branch" "labThreeCode" 2 12, 3 1 0, S_0x563450c97240;
 .timescale -9 -12;
    .port_info 0 /OUTPUT 1 "F"
    .port_info 1 /INPUT 1 "X"
    .port_info 2 /INPUT 1 "Y"
    .port_info 3 /INPUT 1 "Z"
L_0x563450cd1590 .functor NOT 1, v0x563450cd12f0_0, C4<0>, C4<0>, C4<0>;
L_0x563450cd1630 .functor NOT 1, v0x563450cd13c0_0, C4<0>, C4<0>, C4<0>;
L_0x563450cd16f0 .functor NOT 1, v0x563450cd14c0_0, C4<0>, C4<0>, C4<0>;
L_0x563450cd17b0 .functor OR 1, v0x563450cd12f0_0, L_0x563450cd1630, C4<0>, C4<0>;
L_0x563450cd18a0 .functor AND 1, L_0x563450cd17b0, v0x563450cd14c0_0, C4<1>, C4<1>;
L_0x563450cd1960 .functor AND 1, L_0x563450cd1590, v0x563450cd13c0_0, L_0x563450cd16f0, C4<1>;
L_0x563450cd1ae0 .functor OR 1, L_0x563450cd18a0, L_0x563450cd1960, C4<0>, C4<0>;
v0x563450c822d0_0 .net "F", 0 0, L_0x563450cd1ae0;  alias, 1 drivers
v0x563450cd0ac0_0 .net "X", 0 0, v0x563450cd12f0_0;  1 drivers
v0x563450cd0b80_0 .net "XY_not", 0 0, L_0x563450cd17b0;  1 drivers
v0x563450cd0c20_0 .net "XY_notZ", 0 0, L_0x563450cd18a0;  1 drivers
v0x563450cd0ce0_0 .net "X_not", 0 0, L_0x563450cd1590;  1 drivers
v0x563450cd0df0_0 .net "X_notYZ_not", 0 0, L_0x563450cd1960;  1 drivers
v0x563450cd0eb0_0 .net "Y", 0 0, v0x563450cd13c0_0;  1 drivers
v0x563450cd0f70_0 .net "Y_not", 0 0, L_0x563450cd1630;  1 drivers
v0x563450cd1030_0 .net "Z", 0 0, v0x563450cd14c0_0;  1 drivers
v0x563450cd10f0_0 .net "Z_not", 0 0, L_0x563450cd16f0;  1 drivers
    .scope S_0x563450c97240;
T_0 ;
    %vpi_call 2 24 "$dumpfile", "lab3.vcd" {0 0 0};
    %vpi_call 2 25 "$dumpvars", 32'sb00000000000000000000000000000000, S_0x563450c97240 {0 0 0};
    %delay 10000, 0;
    %pushi/vec4 0, 0, 1;
    %cassign/vec4 v0x563450cd12f0_0;
    %delay 10000, 0;
    %pushi/vec4 0, 0, 1;
    %cassign/vec4 v0x563450cd13c0_0;
    %delay 10000, 0;
    %pushi/vec4 0, 0, 1;
    %cassign/vec4 v0x563450cd14c0_0;
    %vpi_call 2 29 "$display", "done tesing case 0" {0 0 0};
    %delay 10000, 0;
    %pushi/vec4 1, 0, 1;
    %cassign/vec4 v0x563450cd12f0_0;
    %delay 10000, 0;
    %pushi/vec4 0, 0, 1;
    %cassign/vec4 v0x563450cd13c0_0;
    %delay 10000, 0;
    %pushi/vec4 0, 0, 1;
    %cassign/vec4 v0x563450cd14c0_0;
    %vpi_call 2 34 "$display", "done tesing case 1" {0 0 0};
    %delay 10000, 0;
    %pushi/vec4 1, 0, 1;
    %cassign/vec4 v0x563450cd12f0_0;
    %delay 10000, 0;
    %pushi/vec4 1, 0, 1;
    %cassign/vec4 v0x563450cd13c0_0;
    %delay 10000, 0;
    %pushi/vec4 0, 0, 1;
    %cassign/vec4 v0x563450cd14c0_0;
    %vpi_call 2 39 "$display", "done tesing case 2" {0 0 0};
    %delay 10000, 0;
    %pushi/vec4 1, 0, 1;
    %cassign/vec4 v0x563450cd12f0_0;
    %delay 10000, 0;
    %pushi/vec4 0, 0, 1;
    %cassign/vec4 v0x563450cd13c0_0;
    %delay 10000, 0;
    %pushi/vec4 1, 0, 1;
    %cassign/vec4 v0x563450cd14c0_0;
    %vpi_call 2 44 "$display", "done tesing case 3" {0 0 0};
    %delay 10000, 0;
    %pushi/vec4 1, 0, 1;
    %cassign/vec4 v0x563450cd12f0_0;
    %delay 10000, 0;
    %pushi/vec4 1, 0, 1;
    %cassign/vec4 v0x563450cd13c0_0;
    %delay 10000, 0;
    %pushi/vec4 1, 0, 1;
    %cassign/vec4 v0x563450cd14c0_0;
    %vpi_call 2 49 "$display", "done tesing case 4" {0 0 0};
    %delay 10000, 0;
    %pushi/vec4 0, 0, 1;
    %cassign/vec4 v0x563450cd12f0_0;
    %delay 10000, 0;
    %pushi/vec4 1, 0, 1;
    %cassign/vec4 v0x563450cd13c0_0;
    %delay 10000, 0;
    %pushi/vec4 0, 0, 1;
    %cassign/vec4 v0x563450cd14c0_0;
    %vpi_call 2 54 "$display", "done tesing case 5" {0 0 0};
    %delay 10000, 0;
    %pushi/vec4 0, 0, 1;
    %cassign/vec4 v0x563450cd12f0_0;
    %delay 10000, 0;
    %pushi/vec4 1, 0, 1;
    %cassign/vec4 v0x563450cd13c0_0;
    %delay 10000, 0;
    %pushi/vec4 1, 0, 1;
    %cassign/vec4 v0x563450cd14c0_0;
    %vpi_call 2 59 "$display", "done tesing case 6" {0 0 0};
    %delay 10000, 0;
    %pushi/vec4 0, 0, 1;
    %cassign/vec4 v0x563450cd12f0_0;
    %delay 10000, 0;
    %pushi/vec4 0, 0, 1;
    %cassign/vec4 v0x563450cd13c0_0;
    %delay 10000, 0;
    %pushi/vec4 1, 0, 1;
    %cassign/vec4 v0x563450cd14c0_0;
    %vpi_call 2 64 "$display", "done tesing case 7" {0 0 0};
    %vpi_call 2 66 "$finish" {0 0 0};
    %end;
    .thread T_0;
# The file index is used to find the file name in the following table.
:file_names 4;
    "N/A";
    "<interactive>";
    "lab3_tb.v";
    "./lab3.v";
